<?xml version="1.0" encoding="UTF-8"?>
<!-- Generated by org.testng.reporters.JUnitReportReporter -->
<testsuite hostname="BLRSFLT130" failures="0" tests="1" name="org.bajaj.VariantMapping" time="37.896" errors="0" timestamp="20 May 2024 05:30:19 GMT" skipped="0">
  <testcase classname="org.bajaj.VariantMapping" name="mapping" time="37.896"/>
</testsuite> <!-- org.bajaj.VariantMapping -->
