<?xml version="1.0" encoding="UTF-8"?>
<!-- Generated by org.testng.reporters.JUnitReportReporter -->
<testsuite hostname="BLRSFLT130" failures="0" tests="1" name="org.bajaj.New" time="14.148" errors="0" timestamp="15 Jun 2023 05:15:47 GMT" skipped="0">
  <testcase classname="org.bajaj.New" name="asdf" time="14.148"/>
</testsuite> <!-- org.bajaj.New -->
