<?xml version="1.0" encoding="UTF-8"?>
<!-- Generated by org.testng.reporters.JUnitReportReporter -->
<testsuite hostname="BLRSFLT130" failures="0" tests="1" name="org.bajaj.FlowDetails" time="604.454" errors="0" timestamp="20 May 2024 05:30:19 GMT" skipped="0">
  <testcase classname="org.bajaj.FlowDetails" name="flow" time="604.454"/>
</testsuite> <!-- org.bajaj.FlowDetails -->
