<?xml version="1.0" encoding="UTF-8"?>
<!-- Generated by org.testng.reporters.JUnitReportReporter -->
<testsuite hostname="BLRSFLT130" failures="0" tests="3" name="org.bajaj.MCDnT" time="54.243" errors="0" timestamp="28 May 2024 10:52:54 GMT" skipped="0">
  <testcase classname="org.bajaj.MCDnT" name="Login" time="5.224"/>
  <testcase classname="org.bajaj.MCDnT" name="Login2" time="21.479"/>
  <testcase classname="org.bajaj.MCDnT" name="createPcodeorSymptom" time="27.540"/>
</testsuite> <!-- org.bajaj.MCDnT -->
